<?xml version="1.0" encoding="UTF-8"?>
<!-- Generated by org.testng.reporters.JUnitXMLReporter -->
<testsuite hostname="Shivams-MacBook-Air.local" ignored="8" name="Sanity" tests="13" failures="6" timestamp="2021-05-31T21:38:47 IST" time="137.468" errors="0">
  <testcase name="Test1AsAUserIWantToCreateAccount" time="4.468" classname="com.gnucash.test.testcase.SetupAndAccountTests"/>
  <testcase name="Test2AsAUserIWantToEditAccount" time="3.257" classname="com.gnucash.test.testcase.SetupAndAccountTests"/>
  <testcase name="Test3AsAUserIWantToDeleteAccount" time="3.47" classname="com.gnucash.test.testcase.SetupAndAccountTests"/>
  <testcase name="Test1AsAUserIWantToAddIncome" time="8.554" classname="com.gnucash.test.testcase.IncomeAndExpenseTests"/>
  <testcase name="Test2AsAUserIWantToAddExpense" time="7.446" classname="com.gnucash.test.testcase.IncomeAndExpenseTests">
    <failure type="org.junit.ComparisonFailure" message="expected:&amp;lt;€[5]0.00&amp;gt; but was:&amp;lt;€[]0.00&amp;gt;">
      <![CDATA[org.junit.ComparisonFailure: expected:<€[5]0.00> but was:<€[]0.00>
at org.junit.Assert.assertEquals(Assert.java:115)
at org.junit.Assert.assertEquals(Assert.java:144)
at com.gnucash.test.testcase.IncomeAndExpenseTests.Test2AsAUserIWantToAddExpense(IncomeAndExpenseTests.java:38)
at java.util.concurrent.ThreadPoolExecutor.runWorker(ThreadPoolExecutor.java:1149)
at java.util.concurrent.ThreadPoolExecutor$Worker.run(ThreadPoolExecutor.java:624)
at java.lang.Thread.run(Thread.java:748)
... Removed 12 stack frames]]>
    </failure>
  </testcase> <!-- Test2AsAUserIWantToAddExpense -->
  <testcase name="Test2AsAUserIWantToAddExpense" time="7.495" classname="com.gnucash.test.testcase.IncomeAndExpenseTests">
    <failure type="java.lang.AssertionError" message="Failure of test cases and its details are : Test2AsAUserIWantToAddExpense">
      <![CDATA[java.lang.AssertionError: Failure of test cases and its details are : Test2AsAUserIWantToAddExpense
at com.gnucash.test.utility.LoggerUtility.reportFailureInHtml(LoggerUtility.java:216)
at com.gnucash.test.listeners.EventListener.onTestFailure(EventListener.java:37)
at java.util.concurrent.ThreadPoolExecutor.runWorker(ThreadPoolExecutor.java:1149)
at java.util.concurrent.ThreadPoolExecutor$Worker.run(ThreadPoolExecutor.java:624)
at java.lang.Thread.run(Thread.java:748)
... Removed 10 stack frames]]>
    </failure>
  </testcase> <!-- Test2AsAUserIWantToAddExpense -->
  <testcase name="Test1AsAUserIWantToAddAccountInFavourites" time="2.79" classname="com.gnucash.test.testcase.UsabilityTests"/>
  <testcase name="Test2AsAUserIWantToCheckRecentActivity" time="10.639" classname="com.gnucash.test.testcase.UsabilityTests"/>
  <testcase name="Test3AsAUserIWantToVlidateSearch" time="10.603" classname="com.gnucash.test.testcase.UsabilityTests">
    <failure type="org.openqa.selenium.TimeoutException" message="Expected condition failed: waiting for element to be clickable: Located by By.chained({By.xpath: //*[@resource-id=&amp;apos;org.gnucash.android:id/tab_layout&amp;apos;]//android.support.v7.app.ActionBar.Tab[2]}) (tried for 10 second(s) with 500 milliseconds interval)">
      <![CDATA[org.openqa.selenium.TimeoutException: Expected condition failed: waiting for element to be clickable: Located by By.chained({By.xpath: //*[@resource-id='org.gnucash.android:id/tab_layout']//android.support.v7.app.ActionBar.Tab[2]}) (tried for 10 second(s) with 500 milliseconds interval)
at org.openqa.selenium.support.ui.WebDriverWait.timeoutException(WebDriverWait.java:95)
at org.openqa.selenium.support.ui.FluentWait.until(FluentWait.java:272)
at com.gnucash.test.utility.DriverWaitHelper.waitAndReturnElementClickable(DriverWaitHelper.java:56)
at com.gnucash.test.utility.MobileHelper.waitAndClickElement(MobileHelper.java:34)
at com.gnucash.test.pages.AccountPage.navigateToAllTab(AccountPage.java:249)
at com.gnucash.test.testcase.UsabilityTests.Test3AsAUserIWantToVlidateSearch(UsabilityTests.java:43)
at java.util.concurrent.ThreadPoolExecutor.runWorker(ThreadPoolExecutor.java:1149)
at java.util.concurrent.ThreadPoolExecutor$Worker.run(ThreadPoolExecutor.java:624)
at java.lang.Thread.run(Thread.java:748)
Caused by: org.openqa.selenium.NoSuchElementException: Can't locate an element by this strategy: By.chained({By.xpath: //*[@resource-id='org.gnucash.android:id/tab_layout']//android.support.v7.app.ActionBar.Tab[2]})
at io.appium.java_client.pagefactory.AppiumElementLocator.findElement(AppiumElementLocator.java:126)
at io.appium.java_client.pagefactory.interceptors.InterceptorOfASingleElement.intercept(InterceptorOfASingleElement.java:59)
at io.appium.java_client.android.AndroidElement$$EnhancerByCGLIB$$b598166c.isDisplayed(<generated>)
at org.openqa.selenium.support.ui.ExpectedConditions.elementIfVisible(ExpectedConditions.java:314)
at org.openqa.selenium.support.ui.ExpectedConditions.access$000(ExpectedConditions.java:43)
at org.openqa.selenium.support.ui.ExpectedConditions$10.apply(ExpectedConditions.java:300)
at org.openqa.selenium.support.ui.ExpectedConditions$10.apply(ExpectedConditions.java:297)
at org.openqa.selenium.support.ui.ExpectedConditions$23.apply(ExpectedConditions.java:670)
at org.openqa.selenium.support.ui.ExpectedConditions$23.apply(ExpectedConditions.java:666)
at org.openqa.selenium.support.ui.FluentWait.until(FluentWait.java:249)
... 19 more
Caused by: org.openqa.selenium.TimeoutException: Expected condition failed: waiting for io.appium.java_client.pagefactory.AppiumElementLocator$WaitingFunction@4e125e56 (tried for 1 second(s) with 500 milliseconds interval)
at org.openqa.selenium.support.ui.FluentWait.timeoutException(FluentWait.java:304)
at org.openqa.selenium.support.ui.FluentWait.until(FluentWait.java:272)
at io.appium.java_client.pagefactory.AppiumElementLocator.waitFor(AppiumElementLocator.java:99)
at io.appium.java_client.pagefactory.AppiumElementLocator.findElement(AppiumElementLocator.java:119)
... 28 more
Caused by: org.openqa.selenium.NoSuchElementException: Cannot locate an element using By.chained({By.xpath: //*[@resource-id='org.gnucash.android:id/tab_layout']//android.support.v7.app.ActionBar.Tab[2]})
For documentation on this error, please visit: https://www.seleniumhq.org/exceptions/no_such_element.html
Build info: version: '3.141.59', revision: 'e82be7d358', time: '2018-11-14T08:17:03'
System info: host: 'Shivams-MacBook-Air.local', ip: '3ffe:501:ffff:100:94e7:deec:bb0e:e0f4%en0', os.name: 'Mac OS X', os.arch: 'x86_64', os.version: '10.16', java.version: '1.8.0_281'
Driver info: driver.version: AndroidDriver
at io.appium.java_client.pagefactory.bys.builder.ByChained.findElement(ByChained.java:74)
at org.openqa.selenium.remote.RemoteWebDriver.findElement(RemoteWebDriver.java:315)
at io.appium.java_client.DefaultGenericMobileDriver.findElement(DefaultGenericMobileDriver.java:57)
at io.appium.java_client.AppiumDriver.findElement(AppiumDriver.java:1)
at io.appium.java_client.android.AndroidDriver.findElement(AndroidDriver.java:1)
at io.appium.java_client.pagefactory.bys.ContentMappedBy.findElement(ContentMappedBy.java:50)
at org.openqa.selenium.remote.RemoteWebDriver.findElement(RemoteWebDriver.java:315)
at io.appium.java_client.DefaultGenericMobileDriver.findElement(DefaultGenericMobileDriver.java:57)
at io.appium.java_client.AppiumDriver.findElement(AppiumDriver.java:1)
at io.appium.java_client.android.AndroidDriver.findElement(AndroidDriver.java:1)
at io.appium.java_client.pagefactory.AppiumElementLocator.lambda$0(AppiumElementLocator.java:120)
at io.appium.java_client.pagefactory.AppiumElementLocator$WaitingFunction.apply(AppiumElementLocator.java:172)
at io.appium.java_client.pagefactory.AppiumElementLocator$WaitingFunction.apply(AppiumElementLocator.java:1)
at org.openqa.selenium.support.ui.FluentWait.until(FluentWait.java:249)
... 30 more
... Removed 12 stack frames]]>
    </failure>
  </testcase> <!-- Test3AsAUserIWantToVlidateSearch -->
  <testcase name="Test3AsAUserIWantToVlidateSearch" time="10.609" classname="com.gnucash.test.testcase.UsabilityTests">
    <failure type="java.lang.AssertionError" message="Failure of test cases and its details are : Test3AsAUserIWantToVlidateSearch">
      <![CDATA[java.lang.AssertionError: Failure of test cases and its details are : Test3AsAUserIWantToVlidateSearch
at com.gnucash.test.utility.LoggerUtility.reportFailureInHtml(LoggerUtility.java:216)
at com.gnucash.test.listeners.EventListener.onTestFailure(EventListener.java:37)
at java.util.concurrent.ThreadPoolExecutor.runWorker(ThreadPoolExecutor.java:1149)
at java.util.concurrent.ThreadPoolExecutor$Worker.run(ThreadPoolExecutor.java:624)
at java.lang.Thread.run(Thread.java:748)
... Removed 10 stack frames]]>
    </failure>
  </testcase> <!-- Test3AsAUserIWantToVlidateSearch -->
  <testcase name="Test1AsAUserIWantToViewPieChartReport" time="12.699" classname="com.gnucash.test.testcase.ReportsTests">
    <failure type="org.openqa.selenium.TimeoutException" message="Expected condition failed: waiting for element to be clickable: Located by By.chained({By.xpath: //*[@text=&amp;apos;Reports&amp;apos;]}) (tried for 10 second(s) with 500 milliseconds interval)">
      <![CDATA[org.openqa.selenium.TimeoutException: Expected condition failed: waiting for element to be clickable: Located by By.chained({By.xpath: //*[@text='Reports']}) (tried for 10 second(s) with 500 milliseconds interval)
at org.openqa.selenium.support.ui.WebDriverWait.timeoutException(WebDriverWait.java:95)
at org.openqa.selenium.support.ui.FluentWait.until(FluentWait.java:272)
at com.gnucash.test.utility.DriverWaitHelper.waitAndReturnElementClickable(DriverWaitHelper.java:56)
at com.gnucash.test.utility.MobileHelper.waitAndClickElement(MobileHelper.java:34)
at com.gnucash.test.pages.AccountPage.navigateToReportsTab(AccountPage.java:286)
at com.gnucash.test.testcase.ReportsTests.Test1AsAUserIWantToViewPieChartReport(ReportsTests.java:28)
at java.util.concurrent.ThreadPoolExecutor.runWorker(ThreadPoolExecutor.java:1149)
at java.util.concurrent.ThreadPoolExecutor$Worker.run(ThreadPoolExecutor.java:624)
at java.lang.Thread.run(Thread.java:748)
Caused by: org.openqa.selenium.NoSuchElementException: Can't locate an element by this strategy: By.chained({By.xpath: //*[@text='Reports']})
at io.appium.java_client.pagefactory.AppiumElementLocator.findElement(AppiumElementLocator.java:126)
at io.appium.java_client.pagefactory.interceptors.InterceptorOfASingleElement.intercept(InterceptorOfASingleElement.java:59)
at io.appium.java_client.android.AndroidElement$$EnhancerByCGLIB$$b598166c.isDisplayed(<generated>)
at org.openqa.selenium.support.ui.ExpectedConditions.elementIfVisible(ExpectedConditions.java:314)
at org.openqa.selenium.support.ui.ExpectedConditions.access$000(ExpectedConditions.java:43)
at org.openqa.selenium.support.ui.ExpectedConditions$10.apply(ExpectedConditions.java:300)
at org.openqa.selenium.support.ui.ExpectedConditions$10.apply(ExpectedConditions.java:297)
at org.openqa.selenium.support.ui.ExpectedConditions$23.apply(ExpectedConditions.java:670)
at org.openqa.selenium.support.ui.ExpectedConditions$23.apply(ExpectedConditions.java:666)
at org.openqa.selenium.support.ui.FluentWait.until(FluentWait.java:249)
... 19 more
Caused by: org.openqa.selenium.TimeoutException: Expected condition failed: waiting for io.appium.java_client.pagefactory.AppiumElementLocator$WaitingFunction@2647e1b3 (tried for 1 second(s) with 500 milliseconds interval)
at org.openqa.selenium.support.ui.FluentWait.timeoutException(FluentWait.java:304)
at org.openqa.selenium.support.ui.FluentWait.until(FluentWait.java:272)
at io.appium.java_client.pagefactory.AppiumElementLocator.waitFor(AppiumElementLocator.java:99)
at io.appium.java_client.pagefactory.AppiumElementLocator.findElement(AppiumElementLocator.java:119)
... 28 more
Caused by: org.openqa.selenium.NoSuchElementException: Cannot locate an element using By.chained({By.xpath: //*[@text='Reports']})
For documentation on this error, please visit: https://www.seleniumhq.org/exceptions/no_such_element.html
Build info: version: '3.141.59', revision: 'e82be7d358', time: '2018-11-14T08:17:03'
System info: host: 'Shivams-MacBook-Air.local', ip: '3ffe:501:ffff:100:94e7:deec:bb0e:e0f4%en0', os.name: 'Mac OS X', os.arch: 'x86_64', os.version: '10.16', java.version: '1.8.0_281'
Driver info: driver.version: AndroidDriver
at io.appium.java_client.pagefactory.bys.builder.ByChained.findElement(ByChained.java:74)
at org.openqa.selenium.remote.RemoteWebDriver.findElement(RemoteWebDriver.java:315)
at io.appium.java_client.DefaultGenericMobileDriver.findElement(DefaultGenericMobileDriver.java:57)
at io.appium.java_client.AppiumDriver.findElement(AppiumDriver.java:1)
at io.appium.java_client.android.AndroidDriver.findElement(AndroidDriver.java:1)
at io.appium.java_client.pagefactory.bys.ContentMappedBy.findElement(ContentMappedBy.java:50)
at org.openqa.selenium.remote.RemoteWebDriver.findElement(RemoteWebDriver.java:315)
at io.appium.java_client.DefaultGenericMobileDriver.findElement(DefaultGenericMobileDriver.java:57)
at io.appium.java_client.AppiumDriver.findElement(AppiumDriver.java:1)
at io.appium.java_client.android.AndroidDriver.findElement(AndroidDriver.java:1)
at io.appium.java_client.pagefactory.AppiumElementLocator.lambda$0(AppiumElementLocator.java:120)
at io.appium.java_client.pagefactory.AppiumElementLocator$WaitingFunction.apply(AppiumElementLocator.java:172)
at io.appium.java_client.pagefactory.AppiumElementLocator$WaitingFunction.apply(AppiumElementLocator.java:1)
at org.openqa.selenium.support.ui.FluentWait.until(FluentWait.java:249)
... 30 more
... Removed 12 stack frames]]>
    </failure>
  </testcase> <!-- Test1AsAUserIWantToViewPieChartReport -->
  <testcase name="Test1AsAUserIWantToViewPieChartReport" time="32.979" classname="com.gnucash.test.testcase.ReportsTests">
    <failure type="java.lang.AssertionError" message="Failure of test cases and its details are : Test1AsAUserIWantToViewPieChartReport">
      <![CDATA[java.lang.AssertionError: Failure of test cases and its details are : Test1AsAUserIWantToViewPieChartReport
at com.gnucash.test.utility.LoggerUtility.reportFailureInHtml(LoggerUtility.java:216)
at com.gnucash.test.listeners.EventListener.onTestFailure(EventListener.java:37)
at java.util.concurrent.ThreadPoolExecutor.runWorker(ThreadPoolExecutor.java:1149)
at java.util.concurrent.ThreadPoolExecutor$Worker.run(ThreadPoolExecutor.java:624)
at java.lang.Thread.run(Thread.java:748)
... Removed 10 stack frames]]>
    </failure>
  </testcase> <!-- Test1AsAUserIWantToViewPieChartReport -->
  <testcase name="Test1AsAUserIwantToScheduleTransactions" time="15.032" classname="com.gnucash.test.testcase.SettingsTests"/>
  <testcase name="@BeforeSuite suiteSetUp" time="0.0" classname="com.gnucash.test.testbase.BaseTestCases">
    <ignored/>
  </testcase> <!-- @BeforeSuite suiteSetUp -->
  <testcase name="@BeforeSuite suiteSetUp" time="0.0" classname="com.gnucash.test.testbase.BaseTestCases">
    <ignored/>
  </testcase> <!-- @BeforeSuite suiteSetUp -->
  <testcase name="@BeforeSuite suiteSetUp" time="0.0" classname="com.gnucash.test.testbase.BaseTestCases">
    <ignored/>
  </testcase> <!-- @BeforeSuite suiteSetUp -->
  <testcase name="@BeforeSuite suiteSetUp" time="0.0" classname="com.gnucash.test.testbase.BaseTestCases">
    <ignored/>
  </testcase> <!-- @BeforeSuite suiteSetUp -->
  <testcase name="@AfterSuite commonSuiteTearDown" time="0.0" classname="com.gnucash.test.testbase.BaseTestCases">
    <ignored/>
  </testcase> <!-- @AfterSuite commonSuiteTearDown -->
  <testcase name="@AfterSuite commonSuiteTearDown" time="0.0" classname="com.gnucash.test.testbase.BaseTestCases">
    <ignored/>
  </testcase> <!-- @AfterSuite commonSuiteTearDown -->
  <testcase name="@AfterSuite commonSuiteTearDown" time="0.0" classname="com.gnucash.test.testbase.BaseTestCases">
    <ignored/>
  </testcase> <!-- @AfterSuite commonSuiteTearDown -->
  <testcase name="@AfterSuite commonSuiteTearDown" time="0.0" classname="com.gnucash.test.testbase.BaseTestCases">
    <ignored/>
  </testcase> <!-- @AfterSuite commonSuiteTearDown -->
</testsuite> <!-- Sanity -->
